<?xml version="1.0" encoding="UTF-8"?>
<robot generator="Robot 3.2.2 (Python 3.8.5 on win32)" generated="20201009 01:55:14.136" rpa="false">
<suite id="s1" name="RegistrationTCs" source="E:\SeleniumFramework\Robot\POMtestRobot\TestCases\RegistrationTCs.robot">
<test id="s1-t1" name="TC2 Registration Test">
<kw name="Open my URL" library="RegistrationKeywords">
<arguments>
<arg>${url}</arg>
<arg>${browser}</arg>
</arguments>
<kw name="Open Browser" library="SeleniumLibrary">
<doc>Opens a new browser instance to the optional ``url``.</doc>
<arguments>
<arg>${SiteURL}</arg>
<arg>${Browser}</arg>
</arguments>
<msg timestamp="20201009 01:55:14.568" level="INFO">Opening browser 'chrome' to base url 'http://demowebshop.tricentis.com/register'.</msg>
<status status="PASS" starttime="20201009 01:55:14.568" endtime="20201009 01:55:21.207"></status>
</kw>
<status status="PASS" starttime="20201009 01:55:14.568" endtime="20201009 01:55:21.207"></status>
</kw>
<kw name="Select Gender" library="RegistrationKeywords">
<kw name="Select Radio Button" library="SeleniumLibrary">
<doc>Sets the radio button group ``group_name`` to ``value``.</doc>
<arguments>
<arg>Gender</arg>
<arg>M</arg>
</arguments>
<msg timestamp="20201009 01:55:21.211" level="INFO">Selecting 'M' from radio button 'Gender'.</msg>
<status status="PASS" starttime="20201009 01:55:21.211" endtime="20201009 01:55:21.430"></status>
</kw>
<status status="PASS" starttime="20201009 01:55:21.207" endtime="20201009 01:55:21.430"></status>
</kw>
<kw name="Sleep" library="BuiltIn">
<doc>Pauses the test executed for the given time.</doc>
<arguments>
<arg>5</arg>
</arguments>
<msg timestamp="20201009 01:55:26.433" level="INFO">Slept 5 seconds</msg>
<status status="PASS" starttime="20201009 01:55:21.430" endtime="20201009 01:55:26.433"></status>
</kw>
<kw name="Set FirstName" library="RegistrationKeywords">
<arguments>
<arg>Ajay</arg>
</arguments>
<kw name="Input Text" library="SeleniumLibrary">
<doc>Types the given ``text`` into the text field identified by ``locator``.</doc>
<arguments>
<arg>${text_FirstName}</arg>
<arg>${firstname}</arg>
</arguments>
<msg timestamp="20201009 01:55:26.433" level="INFO">Typing text 'Ajay' into text field 'xpath://input[@name='FirstName']'.</msg>
<status status="PASS" starttime="20201009 01:55:26.433" endtime="20201009 01:55:26.611"></status>
</kw>
<status status="PASS" starttime="20201009 01:55:26.433" endtime="20201009 01:55:26.615"></status>
</kw>
<kw name="Set LastName" library="RegistrationKeywords">
<arguments>
<arg>Thakur</arg>
</arguments>
<kw name="Input Text" library="SeleniumLibrary">
<doc>Types the given ``text`` into the text field identified by ``locator``.</doc>
<arguments>
<arg>${text_LastName}</arg>
<arg>${lastname}</arg>
</arguments>
<msg timestamp="20201009 01:55:26.615" level="INFO">Typing text 'Thakur' into text field 'xpath://input[@name='LastName']'.</msg>
<status status="PASS" starttime="20201009 01:55:26.615" endtime="20201009 01:55:26.795"></status>
</kw>
<status status="PASS" starttime="20201009 01:55:26.615" endtime="20201009 01:55:26.795"></status>
</kw>
<kw name="Set Email ID" library="RegistrationKeywords">
<kw name="Input Text" library="SeleniumLibrary">
<doc>Types the given ``text`` into the text field identified by ``locator``.</doc>
<arguments>
<arg>${text_EmailID}</arg>
<arg>${EmailID}</arg>
</arguments>
<msg timestamp="20201009 01:55:26.795" level="INFO">Typing text 'a03g3lps@hotmail.com' into text field 'xpath://input[@name='Email']'.</msg>
<status status="PASS" starttime="20201009 01:55:26.795" endtime="20201009 01:55:27.020"></status>
</kw>
<status status="PASS" starttime="20201009 01:55:26.795" endtime="20201009 01:55:27.024"></status>
</kw>
<kw name="Set Password" library="RegistrationKeywords">
<arguments>
<arg>123456</arg>
</arguments>
<kw name="Input Text" library="SeleniumLibrary">
<doc>Types the given ``text`` into the text field identified by ``locator``.</doc>
<arguments>
<arg>${text_Password}</arg>
<arg>${pswd}</arg>
</arguments>
<msg timestamp="20201009 01:55:27.024" level="INFO">Typing text '123456' into text field 'xpath://input[@name='Password']'.</msg>
<status status="PASS" starttime="20201009 01:55:27.024" endtime="20201009 01:55:27.186"></status>
</kw>
<status status="PASS" starttime="20201009 01:55:27.024" endtime="20201009 01:55:27.186"></status>
</kw>
<kw name="Confirm Password" library="RegistrationKeywords">
<arguments>
<arg>123456</arg>
</arguments>
<kw name="Input Text" library="SeleniumLibrary">
<doc>Types the given ``text`` into the text field identified by ``locator``.</doc>
<arguments>
<arg>${text_Confirmpassword}</arg>
<arg>${confirmpswd}</arg>
</arguments>
<msg timestamp="20201009 01:55:27.186" level="INFO">Typing text '123456' into text field 'xpath://input[@name='ConfirmPassword']'.</msg>
<status status="PASS" starttime="20201009 01:55:27.186" endtime="20201009 01:55:27.350"></status>
</kw>
<status status="PASS" starttime="20201009 01:55:27.186" endtime="20201009 01:55:27.350"></status>
</kw>
<kw name="Click On Register Button" library="RegistrationKeywords">
<kw name="Click Button" library="SeleniumLibrary">
<doc>Clicks the button identified by ``locator``.</doc>
<arguments>
<arg>${btn_RegisterButton}</arg>
</arguments>
<msg timestamp="20201009 01:55:27.350" level="INFO">Clicking button 'xpath://input[@name='register-button']'.</msg>
<status status="PASS" starttime="20201009 01:55:27.350" endtime="20201009 01:55:32.329"></status>
</kw>
<status status="PASS" starttime="20201009 01:55:27.350" endtime="20201009 01:55:32.333"></status>
</kw>
<kw name="Sleep" library="BuiltIn">
<doc>Pauses the test executed for the given time.</doc>
<arguments>
<arg>3</arg>
</arguments>
<msg timestamp="20201009 01:55:35.340" level="INFO">Slept 3 seconds</msg>
<status status="PASS" starttime="20201009 01:55:32.333" endtime="20201009 01:55:35.340"></status>
</kw>
<kw name="Verify Successful Registration text" library="RegistrationKeywords">
<kw name="Page Should Contain" library="SeleniumLibrary">
<doc>Verifies that current page contains ``text``.</doc>
<arguments>
<arg>Your registration completed</arg>
</arguments>
<msg timestamp="20201009 01:55:35.391" level="INFO">Current page contains text 'Your registration completed'.</msg>
<status status="PASS" starttime="20201009 01:55:35.340" endtime="20201009 01:55:35.391"></status>
</kw>
<status status="PASS" starttime="20201009 01:55:35.340" endtime="20201009 01:55:35.391"></status>
</kw>
<kw name="Close My Browser" library="RegistrationKeywords">
<kw name="Close All Browsers" library="SeleniumLibrary">
<doc>Closes all open browsers and resets the browser cache.</doc>
<status status="PASS" starttime="20201009 01:55:35.391" endtime="20201009 01:55:37.890"></status>
</kw>
<status status="PASS" starttime="20201009 01:55:35.391" endtime="20201009 01:55:37.890"></status>
</kw>
<status status="PASS" starttime="20201009 01:55:14.568" endtime="20201009 01:55:37.890" critical="yes"></status>
</test>
<status status="PASS" starttime="20201009 01:55:14.136" endtime="20201009 01:55:37.890"></status>
</suite>
<statistics>
<total>
<stat pass="1" fail="0">Critical Tests</stat>
<stat pass="1" fail="0">All Tests</stat>
</total>
<tag>
</tag>
<suite>
<stat pass="1" fail="0" id="s1" name="RegistrationTCs">RegistrationTCs</stat>
</suite>
</statistics>
<errors>
</errors>
</robot>
