<?xml version="1.0" encoding="UTF-8"?>
<robot generator="Robot 3.2.2 (Python 3.8.5 on win32)" generated="20201004 20:56:31.358" rpa="false">
<suite id="s1" name="Suites">
<suite id="s1-s1" name="RegistrationTCs" source="E:\SeleniumFramework\Robot\POMtestRobot\TestCases\RegistrationTCs.robot">
<test id="s1-s1-t1" name="Registration Test">
<kw name="Open my URL" library="RegistrationKeywords">
<arguments>
<arg>${url}</arg>
<arg>${browser}</arg>
</arguments>
<kw name="Open Browser" library="SeleniumLibrary">
<doc>Opens a new browser instance to the optional ``url``.</doc>
<arguments>
<arg>${SiteURL}</arg>
<arg>${Browser}</arg>
</arguments>
<msg timestamp="20201004 20:56:32.263" level="INFO">Opening browser 'headlesschrome' to base url 'http://demowebshop.tricentis.com/register'.</msg>
<status status="PASS" starttime="20201004 20:56:32.263" endtime="20201004 20:57:05.458"></status>
</kw>
<kw name="Maximize Browser Window" library="SeleniumLibrary">
<doc>Maximizes current browser window.</doc>
<status status="PASS" starttime="20201004 20:57:05.458" endtime="20201004 20:57:07.598"></status>
</kw>
<status status="PASS" starttime="20201004 20:56:32.263" endtime="20201004 20:57:07.598"></status>
</kw>
<kw name="Select Gender" library="RegistrationKeywords">
<kw name="Select Radio Button" library="SeleniumLibrary">
<doc>Sets the radio button group ``group_name`` to ``value``.</doc>
<arguments>
<arg>Gender</arg>
<arg>M</arg>
</arguments>
<msg timestamp="20201004 20:57:07.598" level="INFO">Selecting 'M' from radio button 'Gender'.</msg>
<status status="PASS" starttime="20201004 20:57:07.598" endtime="20201004 20:57:07.884"></status>
</kw>
<status status="PASS" starttime="20201004 20:57:07.598" endtime="20201004 20:57:07.884"></status>
</kw>
<kw name="Set FirstName" library="RegistrationKeywords">
<arguments>
<arg>Ajay</arg>
</arguments>
<kw name="Input Text" library="SeleniumLibrary">
<doc>Types the given ``text`` into the text field identified by ``locator``.</doc>
<arguments>
<arg>${text_FirstName}</arg>
<arg>${firstname}</arg>
</arguments>
<msg timestamp="20201004 20:57:07.884" level="INFO">Typing text 'Ajay' into text field 'xpath://input[@name='FirstName']'.</msg>
<status status="PASS" starttime="20201004 20:57:07.884" endtime="20201004 20:57:08.354"></status>
</kw>
<status status="PASS" starttime="20201004 20:57:07.884" endtime="20201004 20:57:08.354"></status>
</kw>
<kw name="Set LastName" library="RegistrationKeywords">
<arguments>
<arg>Thakur</arg>
</arguments>
<kw name="Input Text" library="SeleniumLibrary">
<doc>Types the given ``text`` into the text field identified by ``locator``.</doc>
<arguments>
<arg>${text_LastName}</arg>
<arg>${lastname}</arg>
</arguments>
<msg timestamp="20201004 20:57:08.354" level="INFO">Typing text 'Thakur' into text field 'xpath://input[@name='LastName']'.</msg>
<status status="PASS" starttime="20201004 20:57:08.354" endtime="20201004 20:57:08.496"></status>
</kw>
<status status="PASS" starttime="20201004 20:57:08.354" endtime="20201004 20:57:08.496"></status>
</kw>
<kw name="Set Email ID" library="RegistrationKeywords">
<arguments>
<arg>aj1238@mymail.com</arg>
</arguments>
<kw name="Input Text" library="SeleniumLibrary">
<doc>Types the given ``text`` into the text field identified by ``locator``.</doc>
<arguments>
<arg>${text_EmailID}</arg>
<arg>${email}</arg>
</arguments>
<msg timestamp="20201004 20:57:08.500" level="INFO">Typing text 'aj1238@mymail.com' into text field 'xpath://input[@name='Email']'.</msg>
<status status="PASS" starttime="20201004 20:57:08.500" endtime="20201004 20:57:08.705"></status>
</kw>
<status status="PASS" starttime="20201004 20:57:08.496" endtime="20201004 20:57:08.705"></status>
</kw>
<kw name="Set Password" library="RegistrationKeywords">
<arguments>
<arg>123456</arg>
</arguments>
<kw name="Input Text" library="SeleniumLibrary">
<doc>Types the given ``text`` into the text field identified by ``locator``.</doc>
<arguments>
<arg>${text_Password}</arg>
<arg>${pswd}</arg>
</arguments>
<msg timestamp="20201004 20:57:08.709" level="INFO">Typing text '123456' into text field 'xpath://input[@name='Password']'.</msg>
<status status="PASS" starttime="20201004 20:57:08.709" endtime="20201004 20:57:09.060"></status>
</kw>
<status status="PASS" starttime="20201004 20:57:08.705" endtime="20201004 20:57:09.060"></status>
</kw>
<kw name="Confirm Password" library="RegistrationKeywords">
<arguments>
<arg>123456</arg>
</arguments>
<kw name="Input Text" library="SeleniumLibrary">
<doc>Types the given ``text`` into the text field identified by ``locator``.</doc>
<arguments>
<arg>${text_Confirmpassword}</arg>
<arg>${confirmpswd}</arg>
</arguments>
<msg timestamp="20201004 20:57:09.064" level="INFO">Typing text '123456' into text field 'xpath://input[@name='ConfirmPassword']'.</msg>
<status status="PASS" starttime="20201004 20:57:09.064" endtime="20201004 20:57:09.280"></status>
</kw>
<status status="PASS" starttime="20201004 20:57:09.064" endtime="20201004 20:57:09.280"></status>
</kw>
<kw name="Click On Register Button" library="RegistrationKeywords">
<kw name="Click Button" library="SeleniumLibrary">
<doc>Clicks the button identified by ``locator``.</doc>
<arguments>
<arg>${btn_RegisterButton}</arg>
</arguments>
<msg timestamp="20201004 20:57:09.280" level="INFO">Clicking button 'xpath://input[@name='register-button']'.</msg>
<status status="PASS" starttime="20201004 20:57:09.280" endtime="20201004 20:57:12.859"></status>
</kw>
<status status="PASS" starttime="20201004 20:57:09.280" endtime="20201004 20:57:12.859"></status>
</kw>
<kw name="Sleep" library="BuiltIn">
<doc>Pauses the test executed for the given time.</doc>
<arguments>
<arg>3</arg>
</arguments>
<msg timestamp="20201004 20:57:15.870" level="INFO">Slept 3 seconds</msg>
<status status="PASS" starttime="20201004 20:57:12.859" endtime="20201004 20:57:15.870"></status>
</kw>
<kw name="Verify Successful Registration text" library="RegistrationKeywords">
<kw name="Page Should Contain" library="SeleniumLibrary">
<doc>Verifies that current page contains ``text``.</doc>
<arguments>
<arg>Your registration completed</arg>
</arguments>
<msg timestamp="20201004 20:57:15.960" level="INFO">Current page contains text 'Your registration completed'.</msg>
<status status="PASS" starttime="20201004 20:57:15.875" endtime="20201004 20:57:15.960"></status>
</kw>
<status status="PASS" starttime="20201004 20:57:15.870" endtime="20201004 20:57:15.965"></status>
</kw>
<kw name="Close My Browser" library="RegistrationKeywords">
<kw name="Close All Browsers" library="SeleniumLibrary">
<doc>Closes all open browsers and resets the browser cache.</doc>
<status status="PASS" starttime="20201004 20:57:15.965" endtime="20201004 20:57:19.242"></status>
</kw>
<status status="PASS" starttime="20201004 20:57:15.965" endtime="20201004 20:57:19.242"></status>
</kw>
<status status="PASS" starttime="20201004 20:56:32.258" endtime="20201004 20:57:19.243" critical="yes"></status>
</test>
<status status="PASS" starttime="20201004 20:56:31.494" endtime="20201004 20:57:19.244"></status>
</suite>
<status status="PASS" starttime="20201004 20:56:31.363" endtime="20201004 20:57:19.255"></status>
</suite>
<statistics>
<total>
<stat pass="1" fail="0">Critical Tests</stat>
<stat pass="1" fail="0">All Tests</stat>
</total>
<tag>
</tag>
<suite>
<stat pass="1" fail="0" id="s1" name="Suites">Suites</stat>
<stat pass="1" fail="0" id="s1-s1" name="RegistrationTCs">Suites.RegistrationTCs</stat>
</suite>
</statistics>
<errors>
</errors>
</robot>
