<?xml version="1.0" encoding="UTF-8"?>
<robot generator="Rebot 3.2.2 (Python 3.8.5 on win32)" generated="20201009 01:13:02.076" rpa="false">
<suite id="s1" name="Suites">
<suite id="s1-s1" name="LoginTest" source="E:\SeleniumFramework\Robot\POMtestRobot\TestCases\LoginTest.robot">
<test id="s1-s1-t1" name="TC1 Login Test">
<kw name="Open My Browser" library="LoginKeywords">
<arguments>
<arg>${url}</arg>
<arg>${browser}</arg>
</arguments>
<kw name="Open Browser" library="SeleniumLibrary">
<doc>Opens a new browser instance to the optional ``url``.</doc>
<arguments>
<arg>${SiteURL}</arg>
<arg>${browser}</arg>
</arguments>
<msg timestamp="20201009 01:12:14.511" level="INFO">Opening browser 'chrome' to base url 'https://opensource-demo.orangehrmlive.com/'.</msg>
<status status="PASS" starttime="20201009 01:12:14.511" endtime="20201009 01:12:39.721"></status>
</kw>
<kw name="Maximize Browser Window" library="SeleniumLibrary">
<doc>Maximizes current browser window.</doc>
<status status="PASS" starttime="20201009 01:12:39.721" endtime="20201009 01:12:41.955"></status>
</kw>
<status status="PASS" starttime="20201009 01:12:14.511" endtime="20201009 01:12:41.964"></status>
</kw>
<kw name="Set UserName" library="LoginKeywords">
<arguments>
<arg>${user}</arg>
</arguments>
<kw name="Input Text" library="SeleniumLibrary">
<doc>Types the given ``text`` into the text field identified by ``locator``.</doc>
<arguments>
<arg>${text_loginuserName}</arg>
<arg>${username}</arg>
</arguments>
<msg timestamp="20201009 01:12:41.966" level="INFO">Typing text 'Admin' into text field 'xpath://input[@name='txtUsername']'.</msg>
<status status="PASS" starttime="20201009 01:12:41.966" endtime="20201009 01:12:42.144"></status>
</kw>
<status status="PASS" starttime="20201009 01:12:41.964" endtime="20201009 01:12:42.144"></status>
</kw>
<kw name="Set Password" library="LoginKeywords">
<arguments>
<arg>${pswd}</arg>
</arguments>
<kw name="Input Text" library="SeleniumLibrary">
<doc>Types the given ``text`` into the text field identified by ``locator``.</doc>
<arguments>
<arg>${text_loginPassword}</arg>
<arg>${password}</arg>
</arguments>
<msg timestamp="20201009 01:12:42.144" level="INFO">Typing text 'admin123' into text field 'xpath://input[@name='txtPassword']'.</msg>
<status status="PASS" starttime="20201009 01:12:42.144" endtime="20201009 01:12:42.295"></status>
</kw>
<status status="PASS" starttime="20201009 01:12:42.144" endtime="20201009 01:12:42.295"></status>
</kw>
<kw name="Click On Login Button" library="LoginKeywords">
<kw name="Click Button" library="SeleniumLibrary">
<doc>Clicks the button identified by ``locator``.</doc>
<arguments>
<arg>${btn_loginbutton}</arg>
</arguments>
<msg timestamp="20201009 01:12:42.299" level="INFO">Clicking button 'xpath://input[@id='btnLogin']'.</msg>
<status status="PASS" starttime="20201009 01:12:42.299" endtime="20201009 01:12:56.229"></status>
</kw>
<status status="PASS" starttime="20201009 01:12:42.295" endtime="20201009 01:12:56.229"></status>
</kw>
<kw name="Sleep" library="BuiltIn">
<doc>Pauses the test executed for the given time.</doc>
<arguments>
<arg>3</arg>
</arguments>
<msg timestamp="20201009 01:12:59.233" level="INFO">Slept 3 seconds</msg>
<status status="PASS" starttime="20201009 01:12:56.229" endtime="20201009 01:12:59.233"></status>
</kw>
<kw name="Verify Successful Login" library="LoginKeywords">
<kw name="Title Should Be" library="SeleniumLibrary">
<doc>Verifies that the current page title equals ``title``.</doc>
<arguments>
<arg>OrangeHRM</arg>
</arguments>
<msg timestamp="20201009 01:12:59.249" level="INFO">Page title is 'OrangeHRM'.</msg>
<status status="PASS" starttime="20201009 01:12:59.233" endtime="20201009 01:12:59.249"></status>
</kw>
<status status="PASS" starttime="20201009 01:12:59.233" endtime="20201009 01:12:59.249"></status>
</kw>
<kw name="Closing the browser" library="LoginKeywords">
<kw name="Close All Browsers" library="SeleniumLibrary">
<doc>Closes all open browsers and resets the browser cache.</doc>
<status status="PASS" starttime="20201009 01:12:59.253" endtime="20201009 01:13:01.707"></status>
</kw>
<status status="PASS" starttime="20201009 01:12:59.249" endtime="20201009 01:13:01.707"></status>
</kw>
<status status="PASS" starttime="20201009 01:12:14.511" endtime="20201009 01:13:01.707" critical="yes"></status>
</test>
<status status="PASS" starttime="20201009 01:12:12.870" endtime="20201009 01:13:01.707"></status>
</suite>
<suite id="s1-s2" name="RegistrationTCs" source="E:\SeleniumFramework\Robot\POMtestRobot\TestCases\RegistrationTCs.robot">
<test id="s1-s2-t1" name="Registration Test">
<kw name="Open my URL" library="RegistrationKeywords">
<arguments>
<arg>${url}</arg>
<arg>${browser}</arg>
</arguments>
<kw name="Open Browser" library="SeleniumLibrary">
<doc>Opens a new browser instance to the optional ``url``.</doc>
<arguments>
<arg>${SiteURL}</arg>
<arg>${Browser}</arg>
</arguments>
<msg timestamp="20201009 01:12:14.511" level="INFO">Opening browser 'chrome' to base url 'http://demowebshop.tricentis.com/register'.</msg>
<status status="PASS" starttime="20201009 01:12:14.511" endtime="20201009 01:12:33.222"></status>
</kw>
<kw name="Maximize Browser Window" library="SeleniumLibrary">
<doc>Maximizes current browser window.</doc>
<status status="PASS" starttime="20201009 01:12:33.222" endtime="20201009 01:12:35.510"></status>
</kw>
<status status="PASS" starttime="20201009 01:12:14.511" endtime="20201009 01:12:35.511"></status>
</kw>
<kw name="Select Gender" library="RegistrationKeywords">
<kw name="Select Radio Button" library="SeleniumLibrary">
<doc>Sets the radio button group ``group_name`` to ``value``.</doc>
<arguments>
<arg>Gender</arg>
<arg>M</arg>
</arguments>
<msg timestamp="20201009 01:12:35.515" level="INFO">Selecting 'M' from radio button 'Gender'.</msg>
<status status="PASS" starttime="20201009 01:12:35.514" endtime="20201009 01:12:35.796"></status>
</kw>
<status status="PASS" starttime="20201009 01:12:35.512" endtime="20201009 01:12:35.800"></status>
</kw>
<kw name="Set FirstName" library="RegistrationKeywords">
<arguments>
<arg>Ajay</arg>
</arguments>
<kw name="Input Text" library="SeleniumLibrary">
<doc>Types the given ``text`` into the text field identified by ``locator``.</doc>
<arguments>
<arg>${text_FirstName}</arg>
<arg>${firstname}</arg>
</arguments>
<msg timestamp="20201009 01:12:35.800" level="INFO">Typing text 'Ajay' into text field 'xpath://input[@name='FirstName']'.</msg>
<status status="PASS" starttime="20201009 01:12:35.800" endtime="20201009 01:12:36.020"></status>
</kw>
<status status="PASS" starttime="20201009 01:12:35.800" endtime="20201009 01:12:36.024"></status>
</kw>
<kw name="Set LastName" library="RegistrationKeywords">
<arguments>
<arg>Thakur</arg>
</arguments>
<kw name="Input Text" library="SeleniumLibrary">
<doc>Types the given ``text`` into the text field identified by ``locator``.</doc>
<arguments>
<arg>${text_LastName}</arg>
<arg>${lastname}</arg>
</arguments>
<msg timestamp="20201009 01:12:36.024" level="INFO">Typing text 'Thakur' into text field 'xpath://input[@name='LastName']'.</msg>
<status status="PASS" starttime="20201009 01:12:36.024" endtime="20201009 01:12:36.230"></status>
</kw>
<status status="PASS" starttime="20201009 01:12:36.024" endtime="20201009 01:12:36.230"></status>
</kw>
<kw name="Set Email ID" library="RegistrationKeywords">
<arguments>
<arg>aj1221@mymail.com</arg>
</arguments>
<kw name="Input Text" library="SeleniumLibrary">
<doc>Types the given ``text`` into the text field identified by ``locator``.</doc>
<arguments>
<arg>${text_EmailID}</arg>
<arg>${email}</arg>
</arguments>
<msg timestamp="20201009 01:12:36.234" level="INFO">Typing text 'aj1221@mymail.com' into text field 'xpath://input[@name='Email']'.</msg>
<status status="PASS" starttime="20201009 01:12:36.234" endtime="20201009 01:12:36.450"></status>
</kw>
<status status="PASS" starttime="20201009 01:12:36.230" endtime="20201009 01:12:36.450"></status>
</kw>
<kw name="Set Password" library="RegistrationKeywords">
<arguments>
<arg>123456</arg>
</arguments>
<kw name="Input Text" library="SeleniumLibrary">
<doc>Types the given ``text`` into the text field identified by ``locator``.</doc>
<arguments>
<arg>${text_Password}</arg>
<arg>${pswd}</arg>
</arguments>
<msg timestamp="20201009 01:12:36.450" level="INFO">Typing text '123456' into text field 'xpath://input[@name='Password']'.</msg>
<status status="PASS" starttime="20201009 01:12:36.450" endtime="20201009 01:12:36.702"></status>
</kw>
<status status="PASS" starttime="20201009 01:12:36.450" endtime="20201009 01:12:36.702"></status>
</kw>
<kw name="Confirm Password" library="RegistrationKeywords">
<arguments>
<arg>123456</arg>
</arguments>
<kw name="Input Text" library="SeleniumLibrary">
<doc>Types the given ``text`` into the text field identified by ``locator``.</doc>
<arguments>
<arg>${text_Confirmpassword}</arg>
<arg>${confirmpswd}</arg>
</arguments>
<msg timestamp="20201009 01:12:36.702" level="INFO">Typing text '123456' into text field 'xpath://input[@name='ConfirmPassword']'.</msg>
<status status="PASS" starttime="20201009 01:12:36.702" endtime="20201009 01:12:36.966"></status>
</kw>
<status status="PASS" starttime="20201009 01:12:36.702" endtime="20201009 01:12:36.966"></status>
</kw>
<kw name="Click On Register Button" library="RegistrationKeywords">
<kw name="Click Button" library="SeleniumLibrary">
<doc>Clicks the button identified by ``locator``.</doc>
<arguments>
<arg>${btn_RegisterButton}</arg>
</arguments>
<msg timestamp="20201009 01:12:36.970" level="INFO">Clicking button 'xpath://input[@name='register-button']'.</msg>
<status status="PASS" starttime="20201009 01:12:36.970" endtime="20201009 01:12:38.789"></status>
</kw>
<status status="PASS" starttime="20201009 01:12:36.970" endtime="20201009 01:12:38.789"></status>
</kw>
<kw name="Sleep" library="BuiltIn">
<doc>Pauses the test executed for the given time.</doc>
<arguments>
<arg>3</arg>
</arguments>
<msg timestamp="20201009 01:12:41.798" level="INFO">Slept 3 seconds</msg>
<status status="PASS" starttime="20201009 01:12:38.789" endtime="20201009 01:12:41.799"></status>
</kw>
<kw name="Verify Successful Registration text" library="RegistrationKeywords">
<kw name="Page Should Contain" library="SeleniumLibrary">
<doc>Verifies that current page contains ``text``.</doc>
<arguments>
<arg>Your registration completed</arg>
</arguments>
<kw name="Capture Page Screenshot" library="SeleniumLibrary">
<doc>Takes a screenshot of the current page and embeds it into a log file.</doc>
<msg timestamp="20201009 01:12:42.599" level="INFO" html="yes">&lt;/td&gt;&lt;/tr&gt;&lt;tr&gt;&lt;td colspan="3"&gt;&lt;a href="1-selenium-screenshot-1.png"&gt;&lt;img src="1-selenium-screenshot-1.png" width="800px"&gt;&lt;/a&gt;</msg>
<status status="PASS" starttime="20201009 01:12:41.996" endtime="20201009 01:12:42.599"></status>
</kw>
<msg timestamp="20201009 01:12:42.791" level="FAIL">Page should have contained text 'Your registration completed' but did not.</msg>
<status status="FAIL" starttime="20201009 01:12:41.804" endtime="20201009 01:12:42.791"></status>
</kw>
<status status="FAIL" starttime="20201009 01:12:41.800" endtime="20201009 01:12:42.791"></status>
</kw>
<status status="FAIL" starttime="20201009 01:12:14.511" endtime="20201009 01:12:42.791" critical="yes">Page should have contained text 'Your registration completed' but did not.</status>
</test>
<status status="FAIL" starttime="20201009 01:12:12.870" endtime="20201009 01:12:42.795"></status>
</suite>
<doc>[https://pabot.org/?ref=log|Pabot] result from 2 executions.</doc>
<status status="FAIL" starttime="20201009 01:12:12.816" endtime="20201009 01:13:01.707"></status>
</suite>
<statistics>
<total>
<stat pass="1" fail="1">Critical Tests</stat>
<stat pass="1" fail="1">All Tests</stat>
</total>
<tag>
</tag>
<suite>
<stat pass="1" fail="1" id="s1" name="Suites">Suites</stat>
<stat pass="1" fail="0" id="s1-s1" name="LoginTest">Suites.LoginTest</stat>
<stat pass="0" fail="1" id="s1-s2" name="RegistrationTCs">Suites.RegistrationTCs</stat>
</suite>
</statistics>
<errors>
</errors>
</robot>
