<?xml version="1.0" encoding="UTF-8"?>
<robot generator="Robot 3.2.2 (Python 3.8.5 on win32)" generated="20201009 01:12:12.816" rpa="false">
<suite id="s1" name="Suites">
<suite id="s1-s1" name="LoginTest" source="E:\SeleniumFramework\Robot\POMtestRobot\TestCases\LoginTest.robot">
<test id="s1-s1-t1" name="TC1 Login Test">
<kw name="Open My Browser" library="LoginKeywords">
<arguments>
<arg>${url}</arg>
<arg>${browser}</arg>
</arguments>
<kw name="Open Browser" library="SeleniumLibrary">
<doc>Opens a new browser instance to the optional ``url``.</doc>
<arguments>
<arg>${SiteURL}</arg>
<arg>${browser}</arg>
</arguments>
<msg timestamp="20201009 01:12:14.511" level="INFO">Opening browser 'chrome' to base url 'https://opensource-demo.orangehrmlive.com/'.</msg>
<status status="PASS" starttime="20201009 01:12:14.511" endtime="20201009 01:12:39.721"></status>
</kw>
<kw name="Maximize Browser Window" library="SeleniumLibrary">
<doc>Maximizes current browser window.</doc>
<status status="PASS" starttime="20201009 01:12:39.721" endtime="20201009 01:12:41.955"></status>
</kw>
<status status="PASS" starttime="20201009 01:12:14.511" endtime="20201009 01:12:41.964"></status>
</kw>
<kw name="Set UserName" library="LoginKeywords">
<arguments>
<arg>${user}</arg>
</arguments>
<kw name="Input Text" library="SeleniumLibrary">
<doc>Types the given ``text`` into the text field identified by ``locator``.</doc>
<arguments>
<arg>${text_loginuserName}</arg>
<arg>${username}</arg>
</arguments>
<msg timestamp="20201009 01:12:41.966" level="INFO">Typing text 'Admin' into text field 'xpath://input[@name='txtUsername']'.</msg>
<status status="PASS" starttime="20201009 01:12:41.966" endtime="20201009 01:12:42.144"></status>
</kw>
<status status="PASS" starttime="20201009 01:12:41.964" endtime="20201009 01:12:42.144"></status>
</kw>
<kw name="Set Password" library="LoginKeywords">
<arguments>
<arg>${pswd}</arg>
</arguments>
<kw name="Input Text" library="SeleniumLibrary">
<doc>Types the given ``text`` into the text field identified by ``locator``.</doc>
<arguments>
<arg>${text_loginPassword}</arg>
<arg>${password}</arg>
</arguments>
<msg timestamp="20201009 01:12:42.144" level="INFO">Typing text 'admin123' into text field 'xpath://input[@name='txtPassword']'.</msg>
<status status="PASS" starttime="20201009 01:12:42.144" endtime="20201009 01:12:42.295"></status>
</kw>
<status status="PASS" starttime="20201009 01:12:42.144" endtime="20201009 01:12:42.295"></status>
</kw>
<kw name="Click On Login Button" library="LoginKeywords">
<kw name="Click Button" library="SeleniumLibrary">
<doc>Clicks the button identified by ``locator``.</doc>
<arguments>
<arg>${btn_loginbutton}</arg>
</arguments>
<msg timestamp="20201009 01:12:42.299" level="INFO">Clicking button 'xpath://input[@id='btnLogin']'.</msg>
<status status="PASS" starttime="20201009 01:12:42.299" endtime="20201009 01:12:56.229"></status>
</kw>
<status status="PASS" starttime="20201009 01:12:42.295" endtime="20201009 01:12:56.229"></status>
</kw>
<kw name="Sleep" library="BuiltIn">
<doc>Pauses the test executed for the given time.</doc>
<arguments>
<arg>3</arg>
</arguments>
<msg timestamp="20201009 01:12:59.233" level="INFO">Slept 3 seconds</msg>
<status status="PASS" starttime="20201009 01:12:56.229" endtime="20201009 01:12:59.233"></status>
</kw>
<kw name="Verify Successful Login" library="LoginKeywords">
<kw name="Title Should Be" library="SeleniumLibrary">
<doc>Verifies that the current page title equals ``title``.</doc>
<arguments>
<arg>OrangeHRM</arg>
</arguments>
<msg timestamp="20201009 01:12:59.249" level="INFO">Page title is 'OrangeHRM'.</msg>
<status status="PASS" starttime="20201009 01:12:59.233" endtime="20201009 01:12:59.249"></status>
</kw>
<status status="PASS" starttime="20201009 01:12:59.233" endtime="20201009 01:12:59.249"></status>
</kw>
<kw name="Closing the browser" library="LoginKeywords">
<kw name="Close All Browsers" library="SeleniumLibrary">
<doc>Closes all open browsers and resets the browser cache.</doc>
<status status="PASS" starttime="20201009 01:12:59.253" endtime="20201009 01:13:01.707"></status>
</kw>
<status status="PASS" starttime="20201009 01:12:59.249" endtime="20201009 01:13:01.707"></status>
</kw>
<status status="PASS" starttime="20201009 01:12:14.511" endtime="20201009 01:13:01.707" critical="yes"></status>
</test>
<status status="PASS" starttime="20201009 01:12:12.870" endtime="20201009 01:13:01.707"></status>
</suite>
<status status="PASS" starttime="20201009 01:12:12.816" endtime="20201009 01:13:01.707"></status>
</suite>
<statistics>
<total>
<stat pass="1" fail="0">Critical Tests</stat>
<stat pass="1" fail="0">All Tests</stat>
</total>
<tag>
</tag>
<suite>
<stat pass="1" fail="0" id="s1" name="Suites">Suites</stat>
<stat pass="1" fail="0" id="s1-s1" name="LoginTest">Suites.LoginTest</stat>
</suite>
</statistics>
<errors>
</errors>
</robot>
